<?xml version="1.0" encoding="UTF-8"?>
<!-- Generated by org.testng.reporters.JUnitReportReporter -->
<testsuite hostname="192.168.1.3" failures="0" tests="1" name="com.seleniumJavaProject.test1" time="54.493" errors="0" timestamp="2024-02-18T20:07:23 CST" skipped="0">
  <testcase classname="com.seleniumJavaProject.test1" name="validateTitlePage" time="54.493"/>
</testsuite> <!-- com.seleniumJavaProject.test1 -->
