<?xml version="1.0" encoding="UTF-8"?>
<!-- Generated by org.testng.reporters.JUnitReportReporter -->
<testsuite hostname="192.168.1.3" failures="0" tests="1" name="com.seleniumJavaProject.test1" time="45.598" errors="0" timestamp="2024-02-19T21:31:06 CST" skipped="0">
  <testcase classname="com.seleniumJavaProject.test1" name="validateTitlePage" time="45.598"/>
</testsuite> <!-- com.seleniumJavaProject.test1 -->
