<?xml version="1.0" encoding="UTF-8"?>
<!-- Generated by org.testng.reporters.JUnitReportReporter -->
<testsuite hostname="RRHH-PM-L15" failures="0" tests="1" name="com.seleniumJavaProject.test1" time="3.359" errors="0" timestamp="2024-02-19T18:07:40 CST" skipped="0">
  <testcase classname="com.seleniumJavaProject.test1" name="validateTitlePage" time="3.359"/>
</testsuite> <!-- com.seleniumJavaProject.test1 -->
